[[1 1 0 1 0]]
Test Passed!


Conf: nb_epoch=10 use_layer=False mask_zero=False x_mask_value=0 y_mask_value=[0, 0] use_weights=False padding=False
samples shape: (100000, 15, 1)
[[-1.65955991]  [ 4.40648987]  [-9.9977125 ]  [-3.95334855]  [-7.06488218]  [-8.1532281 ]  [-6.27479577]  [-3.08878546]  [-2.06465052]  [ 0.77633468]  [-1.61610971]  [ 3.70439001]  [-5.91095501]  [ 7.56234873]  [-9.45224814]]
targets shape: (100000, 15, 2)
[[1 0]  [0 1]  [1 0]  [1 0]  [1 0]  [1 0]  [1 0]  [1 0]  [1 0]  [0 1]  [1 0]  [0 1]  [1 0]  [0 1]  [1 0]]
weights shape: (100000, 15, 1)
[[1]  [1]  [1]  [1]  [1]  [1]  [1]  [1]  [1]  [1]  [1]  [1]  [1]  [1]  [1]]
Train on 80000 samples, validate on 20000 samples
Epoch 0
1s - loss: 0.2978 - acc: 0.9099 - val_loss: 0.0885 - val_acc: 0.9824
Epoch 1
1s - loss: 0.0759 - acc: 0.9851 - val_loss: 0.0667 - val_acc: 0.9869
Epoch 2
1s - loss: 0.0612 - acc: 0.9882 - val_loss: 0.0565 - val_acc: 0.9890
Epoch 3
1s - loss: 0.0532 - acc: 0.9899 - val_loss: 0.0502 - val_acc: 0.9904
Epoch 4
1s - loss: 0.0479 - acc: 0.9911 - val_loss: 0.0458 - val_acc: 0.9915
Epoch 5
1s - loss: 0.0440 - acc: 0.9921 - val_loss: 0.0424 - val_acc: 0.9924
Epoch 6
1s - loss: 0.0410 - acc: 0.9928 - val_loss: 0.0397 - val_acc: 0.9931
Epoch 7
1s - loss: 0.0386 - acc: 0.9934 - val_loss: 0.0375 - val_acc: 0.9937
Epoch 8
1s - loss: 0.0366 - acc: 0.9939 - val_loss: 0.0356 - val_acc: 0.9943
Epoch 9
1s - loss: 0.0348 - acc: 0.9944 - val_loss: 0.0340 - val_acc: 0.9947
Training time: 12.71 seconds


Conf: nb_epoch=10 use_layer=False mask_zero=False x_mask_value=0 y_mask_value=[0, 0] use_weights=False padding=pre
samples shape: (99935, 20, 1)
[[ 0.        ]  [ 0.        ]  [ 0.        ]  [ 0.        ]  [ 0.        ]  [-1.65955991]  [ 4.40648987]  [-9.9977125 ]  [-3.95334855]  [-7.06488218]  [-8.1532281 ]  [-6.27479577]  [-3.08878546]  [-2.06465052]  [ 0.77633468]  [-1.61610971]  [ 3.70439001]  [-5.91095501]  [ 7.56234873]  [-9.45224814]]
targets shape: (99935, 20, 2)
[[0 0]  [0 0]  [0 0]  [0 0]  [0 0]  [1 0]  [0 1]  [1 0]  [1 0]  [1 0]  [1 0]  [1 0]  [1 0]  [1 0]  [0 1]  [1 0]  [0 1]  [1 0]  [0 1]  [1 0]]
weights shape: (99935, 20, 1)
[[0]  [0]  [0]  [0]  [0]  [1]  [1]  [1]  [1]  [1]  [1]  [1]  [1]  [1]  [1]  [1]  [1]  [1]  [1]  [1]]
Train on 79948 samples, validate on 19987 samples
Epoch 0
1s - loss: 0.2667 - acc: 0.6586 - val_loss: 0.0921 - val_acc: 0.7765
Epoch 1
1s - loss: 0.0751 - acc: 0.7814 - val_loss: 0.0638 - val_acc: 0.7843
Epoch 2
1s - loss: 0.0579 - acc: 0.7864 - val_loss: 0.0528 - val_acc: 0.7875
Epoch 3
1s - loss: 0.0494 - acc: 0.7887 - val_loss: 0.0462 - val_acc: 0.7890
Epoch 4
1s - loss: 0.0440 - acc: 0.7898 - val_loss: 0.0417 - val_acc: 0.7900
Epoch 5
1s - loss: 0.0401 - acc: 0.7905 - val_loss: 0.0383 - val_acc: 0.7907
Epoch 6
1s - loss: 0.0371 - acc: 0.7911 - val_loss: 0.0357 - val_acc: 0.7913
Epoch 7
1s - loss: 0.0347 - acc: 0.7915 - val_loss: 0.0335 - val_acc: 0.7916
Epoch 8
1s - loss: 0.0327 - acc: 0.7918 - val_loss: 0.0317 - val_acc: 0.7919
Epoch 9
1s - loss: 0.0311 - acc: 0.7921 - val_loss: 0.0302 - val_acc: 0.7922
Training time: 14.03 seconds


Conf: nb_epoch=10 use_layer=False mask_zero=False x_mask_value=0 y_mask_value=[0, 0] use_weights=False padding=post
samples shape: (99935, 20, 1)
[[-1.65955991]  [ 4.40648987]  [-9.9977125 ]  [-3.95334855]  [-7.06488218]  [-8.1532281 ]  [-6.27479577]  [-3.08878546]  [-2.06465052]  [ 0.77633468]  [-1.61610971]  [ 3.70439001]  [-5.91095501]  [ 7.56234873]  [-9.45224814]  [ 0.        ]  [ 0.        ]  [ 0.        ]  [ 0.        ]  [ 0.        ]]
targets shape: (99935, 20, 2)
[[1 0]  [0 1]  [1 0]  [1 0]  [1 0]  [1 0]  [1 0]  [1 0]  [1 0]  [0 1]  [1 0]  [0 1]  [1 0]  [0 1]  [1 0]  [0 0]  [0 0]  [0 0]  [0 0]  [0 0]]
weights shape: (99935, 20, 1)
[[1]  [1]  [1]  [1]  [1]  [1]  [1]  [1]  [1]  [1]  [1]  [1]  [1]  [1]  [1]  [0]  [0]  [0]  [0]  [0]]
Train on 79948 samples, validate on 19987 samples
Epoch 0
1s - loss: 0.2342 - acc: 0.6927 - val_loss: 0.0872 - val_acc: 0.7543
Epoch 1
1s - loss: 0.0742 - acc: 0.7645 - val_loss: 0.0645 - val_acc: 0.7730
Epoch 2
1s - loss: 0.0591 - acc: 0.7762 - val_loss: 0.0542 - val_acc: 0.7777
Epoch 3
1s - loss: 0.0510 - acc: 0.7795 - val_loss: 0.0478 - val_acc: 0.7803
Epoch 4
1s - loss: 0.0456 - acc: 0.7817 - val_loss: 0.0433 - val_acc: 0.7820
Epoch 5
1s - loss: 0.0417 - acc: 0.7832 - val_loss: 0.0399 - val_acc: 0.7835
Epoch 6
1s - loss: 0.0387 - acc: 0.7843 - val_loss: 0.0372 - val_acc: 0.7846
Epoch 7
1s - loss: 0.0362 - acc: 0.7853 - val_loss: 0.0350 - val_acc: 0.7855
Epoch 8
1s - loss: 0.0342 - acc: 0.7901 - val_loss: 0.0331 - val_acc: 0.8019
Epoch 9
1s - loss: 0.0324 - acc: 0.8036 - val_loss: 0.0315 - val_acc: 0.8047
Training time: 14.42 seconds


Conf: nb_epoch=10 use_layer=True mask_zero=False x_mask_value=0 y_mask_value=[0, 0] use_weights=False padding=pre
samples shape: (99935, 20, 1)
[[ 0.        ]  [ 0.        ]  [ 0.        ]  [ 0.        ]  [ 0.        ]  [-1.65955991]  [ 4.40648987]  [-9.9977125 ]  [-3.95334855]  [-7.06488218]  [-8.1532281 ]  [-6.27479577]  [-3.08878546]  [-2.06465052]  [ 0.77633468]  [-1.61610971]  [ 3.70439001]  [-5.91095501]  [ 7.56234873]  [-9.45224814]]
targets shape: (99935, 20, 2)
[[0 0]  [0 0]  [0 0]  [0 0]  [0 0]  [1 0]  [0 1]  [1 0]  [1 0]  [1 0]  [1 0]  [1 0]  [1 0]  [1 0]  [0 1]  [1 0]  [0 1]  [1 0]  [0 1]  [1 0]]
weights shape: (99935, 20, 1)
[[0]  [0]  [0]  [0]  [0]  [1]  [1]  [1]  [1]  [1]  [1]  [1]  [1]  [1]  [1]  [1]  [1]  [1]  [1]  [1]]
Train on 79948 samples, validate on 19987 samples
Epoch 0
1s - loss: 0.1529 - acc: 0.9360 - val_loss: 0.0844 - val_acc: 0.9832
Epoch 1
1s - loss: 0.0724 - acc: 0.9852 - val_loss: 0.0632 - val_acc: 0.9869
Epoch 2
1s - loss: 0.0580 - acc: 0.9878 - val_loss: 0.0533 - val_acc: 0.9887
Epoch 3
1s - loss: 0.0502 - acc: 0.9893 - val_loss: 0.0471 - val_acc: 0.9900
Epoch 4
1s - loss: 0.0450 - acc: 0.9904 - val_loss: 0.0427 - val_acc: 0.9910
Epoch 5
1s - loss: 0.0412 - acc: 0.9912 - val_loss: 0.0394 - val_acc: 0.9918
Epoch 6
1s - loss: 0.0382 - acc: 0.9919 - val_loss: 0.0368 - val_acc: 0.9924
Epoch 7
1s - loss: 0.0358 - acc: 0.9924 - val_loss: 0.0346 - val_acc: 0.9930
Epoch 8
1s - loss: 0.0338 - acc: 0.9929 - val_loss: 0.0328 - val_acc: 0.9935
Epoch 9
1s - loss: 0.0321 - acc: 0.9933 - val_loss: 0.0312 - val_acc: 0.9939
Training time: 14.49 seconds


Conf: nb_epoch=10 use_layer=True mask_zero=False x_mask_value=0 y_mask_value=[0, 0] use_weights=False padding=post
samples shape: (99935, 20, 1)
[[-1.65955991]  [ 4.40648987]  [-9.9977125 ]  [-3.95334855]  [-7.06488218]  [-8.1532281 ]  [-6.27479577]  [-3.08878546]  [-2.06465052]  [ 0.77633468]  [-1.61610971]  [ 3.70439001]  [-5.91095501]  [ 7.56234873]  [-9.45224814]  [ 0.        ]  [ 0.        ]  [ 0.        ]  [ 0.        ]  [ 0.        ]]
targets shape: (99935, 20, 2)
[[1 0]  [0 1]  [1 0]  [1 0]  [1 0]  [1 0]  [1 0]  [1 0]  [1 0]  [0 1]  [1 0]  [0 1]  [1 0]  [0 1]  [1 0]  [0 0]  [0 0]  [0 0]  [0 0]  [0 0]]
weights shape: (99935, 20, 1)
[[1]  [1]  [1]  [1]  [1]  [1]  [1]  [1]  [1]  [1]  [1]  [1]  [1]  [1]  [1]  [0]  [0]  [0]  [0]  [0]]
Train on 79948 samples, validate on 19987 samples
Epoch 0
1s - loss: 0.3112 - acc: 0.7379 - val_loss: 0.1673 - val_acc: 0.7863
Epoch 1
1s - loss: 0.0817 - acc: 0.7805 - val_loss: 0.0592 - val_acc: 0.7784
Epoch 2
1s - loss: 0.0533 - acc: 0.7802 - val_loss: 0.0485 - val_acc: 0.7804
Epoch 3
1s - loss: 0.0457 - acc: 0.7800 - val_loss: 0.0429 - val_acc: 0.7776
Epoch 4
1s - loss: 0.0410 - acc: 0.7770 - val_loss: 0.0390 - val_acc: 0.7753
Epoch 5
1s - loss: 0.0377 - acc: 0.7751 - val_loss: 0.0362 - val_acc: 0.7739
Epoch 6
1s - loss: 0.0351 - acc: 0.7740 - val_loss: 0.0339 - val_acc: 0.7729
Epoch 7
1s - loss: 0.0331 - acc: 0.7730 - val_loss: 0.0320 - val_acc: 0.7720
Epoch 8
1s - loss: 0.0313 - acc: 0.7722 - val_loss: 0.0304 - val_acc: 0.7715
Epoch 9
1s - loss: 0.0299 - acc: 0.7719 - val_loss: 0.0291 - val_acc: 0.7712
Training time: 14.48 seconds


Conf: nb_epoch=10 use_layer=True mask_zero=False x_mask_value=0 y_mask_value=[0, 0] use_weights=True padding=pre
samples shape: (99935, 20, 1)
[[ 0.        ]  [ 0.        ]  [ 0.        ]  [ 0.        ]  [ 0.        ]  [-1.65955991]  [ 4.40648987]  [-9.9977125 ]  [-3.95334855]  [-7.06488218]  [-8.1532281 ]  [-6.27479577]  [-3.08878546]  [-2.06465052]  [ 0.77633468]  [-1.61610971]  [ 3.70439001]  [-5.91095501]  [ 7.56234873]  [-9.45224814]]
targets shape: (99935, 20, 2)
[[0 0]  [0 0]  [0 0]  [0 0]  [0 0]  [1 0]  [0 1]  [1 0]  [1 0]  [1 0]  [1 0]  [1 0]  [1 0]  [1 0]  [0 1]  [1 0]  [0 1]  [1 0]  [0 1]  [1 0]]
weights shape: (99935, 20, 1)
[[0]  [0]  [0]  [0]  [0]  [1]  [1]  [1]  [1]  [1]  [1]  [1]  [1]  [1]  [1]  [1]  [1]  [1]  [1]  [1]]
Train on 79948 samples, validate on 19987 samples
Epoch 0
1s - loss: 0.2690 - acc: 0.6847 - val_loss: 0.1038 - val_acc: 0.7347
Epoch 1
1s - loss: 0.0883 - acc: 0.7374 - val_loss: 0.0768 - val_acc: 0.7384
Epoch 2
1s - loss: 0.0702 - acc: 0.7398 - val_loss: 0.0643 - val_acc: 0.7401
Epoch 3
1s - loss: 0.0604 - acc: 0.7412 - val_loss: 0.0566 - val_acc: 0.7413
Epoch 4
1s - loss: 0.0539 - acc: 0.7422 - val_loss: 0.0511 - val_acc: 0.7423
Epoch 5
1s - loss: 0.0491 - acc: 0.7430 - val_loss: 0.0470 - val_acc: 0.7429
Epoch 6
1s - loss: 0.0454 - acc: 0.7436 - val_loss: 0.0437 - val_acc: 0.7436
Epoch 7
1s - loss: 0.0425 - acc: 0.7441 - val_loss: 0.0410 - val_acc: 0.7441
Epoch 8
1s - loss: 0.0400 - acc: 0.7446 - val_loss: 0.0388 - val_acc: 0.7445
Epoch 9
1s - loss: 0.0379 - acc: 0.7449 - val_loss: 0.0368 - val_acc: 0.7448
Training time: 13.15 seconds


Conf: nb_epoch=10 use_layer=True mask_zero=False x_mask_value=0 y_mask_value=[1, 1] use_weights=True padding=pre
samples shape: (99935, 20, 1)
[[ 0.        ]  [ 0.        ]  [ 0.        ]  [ 0.        ]  [ 0.        ]  [-1.65955991]  [ 4.40648987]  [-9.9977125 ]  [-3.95334855]  [-7.06488218]  [-8.1532281 ]  [-6.27479577]  [-3.08878546]  [-2.06465052]  [ 0.77633468]  [-1.61610971]  [ 3.70439001]  [-5.91095501]  [ 7.56234873]  [-9.45224814]]
targets shape: (99935, 20, 2)
[[1 1]  [1 1]  [1 1]  [1 1]  [1 1]  [1 0]  [0 1]  [1 0]  [1 0]  [1 0]  [1 0]  [1 0]  [1 0]  [1 0]  [0 1]  [1 0]  [0 1]  [1 0]  [0 1]  [1 0]]
weights shape: (99935, 20, 1)
[[0]  [0]  [0]  [0]  [0]  [1]  [1]  [1]  [1]  [1]  [1]  [1]  [1]  [1]  [1]  [1]  [1]  [1]  [1]  [1]]
Train on 79948 samples, validate on 19987 samples
Epoch 0
1s - loss: 0.2398 - acc: 0.9445 - val_loss: 0.0852 - val_acc: 0.9853
Epoch 1
1s - loss: 0.0736 - acc: 0.9874 - val_loss: 0.0650 - val_acc: 0.9889
Epoch 2
1s - loss: 0.0599 - acc: 0.9899 - val_loss: 0.0554 - val_acc: 0.9907
Epoch 3
1s - loss: 0.0523 - acc: 0.9913 - val_loss: 0.0494 - val_acc: 0.9920
Epoch 4
1s - loss: 0.0472 - acc: 0.9924 - val_loss: 0.0451 - val_acc: 0.9930
Epoch 5
1s - loss: 0.0434 - acc: 0.9931 - val_loss: 0.0418 - val_acc: 0.9937
Epoch 6
1s - loss: 0.0405 - acc: 0.9938 - val_loss: 0.0392 - val_acc: 0.9942
Epoch 7
1s - loss: 0.0381 - acc: 0.9943 - val_loss: 0.0370 - val_acc: 0.9947
Epoch 8
1s - loss: 0.0361 - acc: 0.9948 - val_loss: 0.0352 - val_acc: 0.9951
Epoch 9
1s - loss: 0.0344 - acc: 0.9952 - val_loss: 0.0336 - val_acc: 0.9955
Training time: 13.39 seconds


Conf: nb_epoch=10 use_layer=True mask_zero=False x_mask_value=0 y_mask_value=[0, 0] use_weights=True padding=post
samples shape: (99935, 20, 1)
[[-1.65955991]  [ 4.40648987]  [-9.9977125 ]  [-3.95334855]  [-7.06488218]  [-8.1532281 ]  [-6.27479577]  [-3.08878546]  [-2.06465052]  [ 0.77633468]  [-1.61610971]  [ 3.70439001]  [-5.91095501]  [ 7.56234873]  [-9.45224814]  [ 0.        ]  [ 0.        ]  [ 0.        ]  [ 0.        ]  [ 0.        ]]
targets shape: (99935, 20, 2)
[[1 0]  [0 1]  [1 0]  [1 0]  [1 0]  [1 0]  [1 0]  [1 0]  [1 0]  [0 1]  [1 0]  [0 1]  [1 0]  [0 1]  [1 0]  [0 0]  [0 0]  [0 0]  [0 0]  [0 0]]
weights shape: (99935, 20, 1)
[[1]  [1]  [1]  [1]  [1]  [1]  [1]  [1]  [1]  [1]  [1]  [1]  [1]  [1]  [1]  [0]  [0]  [0]  [0]  [0]]
Train on 79948 samples, validate on 19987 samples
Epoch 0
1s - loss: 0.0925 - acc: 0.9386 - val_loss: 0.0741 - val_acc: 0.9422
Epoch 1
1s - loss: 0.0664 - acc: 0.9446 - val_loss: 0.0602 - val_acc: 0.9459
Epoch 2
1s - loss: 0.0561 - acc: 0.9472 - val_loss: 0.0525 - val_acc: 0.9481
Epoch 3
1s - loss: 0.0499 - acc: 0.9490 - val_loss: 0.0474 - val_acc: 0.9495
Epoch 4
1s - loss: 0.0455 - acc: 0.9502 - val_loss: 0.0436 - val_acc: 0.9509
Epoch 5
1s - loss: 0.0421 - acc: 0.9519 - val_loss: 0.0406 - val_acc: 0.9524
Epoch 6
1s - loss: 0.0395 - acc: 0.9531 - val_loss: 0.0383 - val_acc: 0.9533
Epoch 7
1s - loss: 0.0373 - acc: 0.9540 - val_loss: 0.0363 - val_acc: 0.9541
Epoch 8
1s - loss: 0.0355 - acc: 0.9547 - val_loss: 0.0346 - val_acc: 0.9547
Epoch 9
1s - loss: 0.0339 - acc: 0.9552 - val_loss: 0.0332 - val_acc: 0.9552
Training time: 13.10 seconds


Conf: nb_epoch=10 use_layer=True mask_zero=False x_mask_value=100 y_mask_value=[0, 0] use_weights=True padding=post
samples shape: (99935, 20, 1)
[[  -1.65955991]  [   4.40648987]  [  -9.9977125 ]  [  -3.95334855]  [  -7.06488218]  [  -8.1532281 ]  [  -6.27479577]  [  -3.08878546]  [  -2.06465052]  [   0.77633468]  [  -1.61610971]  [   3.70439001]  [  -5.91095501]  [   7.56234873]  [  -9.45224814]  [ 100.        ]  [ 100.        ]  [ 100.        ]  [ 100.        ]  [ 100.        ]]
targets shape: (99935, 20, 2)
[[1 0]  [0 1]  [1 0]  [1 0]  [1 0]  [1 0]  [1 0]  [1 0]  [1 0]  [0 1]  [1 0]  [0 1]  [1 0]  [0 1]  [1 0]  [0 0]  [0 0]  [0 0]  [0 0]  [0 0]]
weights shape: (99935, 20, 1)
[[1]  [1]  [1]  [1]  [1]  [1]  [1]  [1]  [1]  [1]  [1]  [1]  [1]  [1]  [1]  [0]  [0]  [0]  [0]  [0]]
Train on 79948 samples, validate on 19987 samples
Epoch 0
1s - loss: 0.1218 - acc: 0.7344 - val_loss: 0.0787 - val_acc: 0.7394
Epoch 1
1s - loss: 0.0693 - acc: 0.7421 - val_loss: 0.0621 - val_acc: 0.7431
Epoch 2
1s - loss: 0.0577 - acc: 0.7447 - val_loss: 0.0537 - val_acc: 0.7452
Epoch 3
1s - loss: 0.0509 - acc: 0.7462 - val_loss: 0.0482 - val_acc: 0.7463
Epoch 4
1s - loss: 0.0462 - acc: 0.7472 - val_loss: 0.0443 - val_acc: 0.7471
Epoch 5
1s - loss: 0.0427 - acc: 0.7479 - val_loss: 0.0412 - val_acc: 0.7475
Epoch 6
1s - loss: 0.0400 - acc: 0.7482 - val_loss: 0.0387 - val_acc: 0.7477
Epoch 7
1s - loss: 0.0377 - acc: 0.7484 - val_loss: 0.0367 - val_acc: 0.7479
Epoch 8
1s - loss: 0.0359 - acc: 0.7485 - val_loss: 0.0350 - val_acc: 0.7480
Epoch 9
1s - loss: 0.0343 - acc: 0.7487 - val_loss: 0.0335 - val_acc: 0.7481
Training time: 13.95 seconds


Conf: nb_epoch=10 use_layer=False mask_zero=True x_mask_value=0 y_mask_value=[0, 0] use_weights=True padding=pre
samples shape: (99935, 20, 1)
[[ 0.        ]  [ 0.        ]  [ 0.        ]  [ 0.        ]  [ 0.        ]  [-1.65955991]  [ 4.40648987]  [-9.9977125 ]  [-3.95334855]  [-7.06488218]  [-8.1532281 ]  [-6.27479577]  [-3.08878546]  [-2.06465052]  [ 0.77633468]  [-1.61610971]  [ 3.70439001]  [-5.91095501]  [ 7.56234873]  [-9.45224814]]
targets shape: (99935, 20, 2)
[[0 0]  [0 0]  [0 0]  [0 0]  [0 0]  [1 0]  [0 1]  [1 0]  [1 0]  [1 0]  [1 0]  [1 0]  [1 0]  [1 0]  [0 1]  [1 0]  [0 1]  [1 0]  [0 1]  [1 0]]
weights shape: (99935, 20, 1)
[[0]  [0]  [0]  [0]  [0]  [1]  [1]  [1]  [1]  [1]  [1]  [1]  [1]  [1]  [1]  [1]  [1]  [1]  [1]  [1]]
Train on 79948 samples, validate on 19987 samples
Epoch 0
1s - loss: 0.3152 - acc: 0.9249 - val_loss: 0.0929 - val_acc: 0.9864
Epoch 1
1s - loss: 0.0792 - acc: 0.9892 - val_loss: 0.0692 - val_acc: 0.9914
Epoch 2
1s - loss: 0.0633 - acc: 0.9925 - val_loss: 0.0583 - val_acc: 0.9936
Epoch 3
1s - loss: 0.0547 - acc: 0.9943 - val_loss: 0.0515 - val_acc: 0.9950
Epoch 4
1s - loss: 0.0491 - acc: 0.9954 - val_loss: 0.0468 - val_acc: 0.9959
Epoch 5
1s - loss: 0.0450 - acc: 0.9962 - val_loss: 0.0432 - val_acc: 0.9965
Epoch 6
1s - loss: 0.0418 - acc: 0.9968 - val_loss: 0.0404 - val_acc: 0.9970
Epoch 7
1s - loss: 0.0393 - acc: 0.9972 - val_loss: 0.0381 - val_acc: 0.9974
Epoch 8
1s - loss: 0.0371 - acc: 0.9976 - val_loss: 0.0362 - val_acc: 0.9977
Epoch 9
1s - loss: 0.0354 - acc: 0.9979 - val_loss: 0.0345 - val_acc: 0.9980
Training time: 13.46 seconds


Conf: nb_epoch=10 use_layer=False mask_zero=True x_mask_value=0 y_mask_value=[1, 1] use_weights=True padding=pre
samples shape: (99935, 20, 1)
[[ 0.        ]  [ 0.        ]  [ 0.        ]  [ 0.        ]  [ 0.        ]  [-1.65955991]  [ 4.40648987]  [-9.9977125 ]  [-3.95334855]  [-7.06488218]  [-8.1532281 ]  [-6.27479577]  [-3.08878546]  [-2.06465052]  [ 0.77633468]  [-1.61610971]  [ 3.70439001]  [-5.91095501]  [ 7.56234873]  [-9.45224814]]
targets shape: (99935, 20, 2)
[[1 1]  [1 1]  [1 1]  [1 1]  [1 1]  [1 0]  [0 1]  [1 0]  [1 0]  [1 0]  [1 0]  [1 0]  [1 0]  [1 0]  [0 1]  [1 0]  [0 1]  [1 0]  [0 1]  [1 0]]
weights shape: (99935, 20, 1)
[[0]  [0]  [0]  [0]  [0]  [1]  [1]  [1]  [1]  [1]  [1]  [1]  [1]  [1]  [1]  [1]  [1]  [1]  [1]  [1]]
Train on 79948 samples, validate on 19987 samples
Epoch 0
1s - loss: 0.2747 - acc: 0.9651 - val_loss: 0.0815 - val_acc: 0.9888
Epoch 1
1s - loss: 0.0679 - acc: 0.9903 - val_loss: 0.0594 - val_acc: 0.9913
Epoch 2
1s - loss: 0.0549 - acc: 0.9919 - val_loss: 0.0511 - val_acc: 0.9926
Epoch 3
1s - loss: 0.0484 - acc: 0.9929 - val_loss: 0.0460 - val_acc: 0.9935
Epoch 4
1s - loss: 0.0441 - acc: 0.9937 - val_loss: 0.0424 - val_acc: 0.9941
Epoch 5
1s - loss: 0.0409 - acc: 0.9942 - val_loss: 0.0395 - val_acc: 0.9946
Epoch 6
1s - loss: 0.0384 - acc: 0.9947 - val_loss: 0.0373 - val_acc: 0.9950
Epoch 7
1s - loss: 0.0363 - acc: 0.9951 - val_loss: 0.0354 - val_acc: 0.9954
Epoch 8
1s - loss: 0.0346 - acc: 0.9954 - val_loss: 0.0338 - val_acc: 0.9957
Epoch 9
1s - loss: 0.0331 - acc: 0.9958 - val_loss: 0.0324 - val_acc: 0.9960
Training time: 13.40 seconds


Conf: nb_epoch=10 use_layer=False mask_zero=True x_mask_value=0 y_mask_value=[1, 1] use_weights=False padding=pre
samples shape: (99935, 20, 1)
[[ 0.        ]  [ 0.        ]  [ 0.        ]  [ 0.        ]  [ 0.        ]  [-1.65955991]  [ 4.40648987]  [-9.9977125 ]  [-3.95334855]  [-7.06488218]  [-8.1532281 ]  [-6.27479577]  [-3.08878546]  [-2.06465052]  [ 0.77633468]  [-1.61610971]  [ 3.70439001]  [-5.91095501]  [ 7.56234873]  [-9.45224814]]
targets shape: (99935, 20, 2)
[[1 1]  [1 1]  [1 1]  [1 1]  [1 1]  [1 0]  [0 1]  [1 0]  [1 0]  [1 0]  [1 0]  [1 0]  [1 0]  [1 0]  [0 1]  [1 0]  [0 1]  [1 0]  [0 1]  [1 0]]
weights shape: (99935, 20, 1)
[[0]  [0]  [0]  [0]  [0]  [1]  [1]  [1]  [1]  [1]  [1]  [1]  [1]  [1]  [1]  [1]  [1]  [1]  [1]  [1]]
Train on 79948 samples, validate on 19987 samples
Epoch 0
1s - loss: 0.5428 - acc: 0.9519 - val_loss: 0.4151 - val_acc: 0.9878
Epoch 1
1s - loss: 0.4049 - acc: 0.9891 - val_loss: 0.3992 - val_acc: 0.9900
Epoch 2
1s - loss: 0.3945 - acc: 0.9908 - val_loss: 0.3920 - val_acc: 0.9913
Epoch 3
1s - loss: 0.3888 - acc: 0.9917 - val_loss: 0.3875 - val_acc: 0.9921
Epoch 4
1s - loss: 0.3850 - acc: 0.9925 - val_loss: 0.3843 - val_acc: 0.9928
Epoch 5
1s - loss: 0.3821 - acc: 0.9931 - val_loss: 0.3817 - val_acc: 0.9933
Epoch 6
1s - loss: 0.3799 - acc: 0.9935 - val_loss: 0.3797 - val_acc: 0.9938
Epoch 7
1s - loss: 0.3780 - acc: 0.9940 - val_loss: 0.3780 - val_acc: 0.9942
Epoch 8
1s - loss: 0.3764 - acc: 0.9943 - val_loss: 0.3765 - val_acc: 0.9945
Epoch 9
1s - loss: 0.3751 - acc: 0.9946 - val_loss: 0.3753 - val_acc: 0.9948
Training time: 14.71 seconds


Conf: nb_epoch=10 use_layer=False mask_zero=True x_mask_value=0 y_mask_value=[0, 0] use_weights=True padding=post
samples shape: (99935, 20, 1)
[[-1.65955991]  [ 4.40648987]  [-9.9977125 ]  [-3.95334855]  [-7.06488218]  [-8.1532281 ]  [-6.27479577]  [-3.08878546]  [-2.06465052]  [ 0.77633468]  [-1.61610971]  [ 3.70439001]  [-5.91095501]  [ 7.56234873]  [-9.45224814]  [ 0.        ]  [ 0.        ]  [ 0.        ]  [ 0.        ]  [ 0.        ]]
targets shape: (99935, 20, 2)
[[1 0]  [0 1]  [1 0]  [1 0]  [1 0]  [1 0]  [1 0]  [1 0]  [1 0]  [0 1]  [1 0]  [0 1]  [1 0]  [0 1]  [1 0]  [0 0]  [0 0]  [0 0]  [0 0]  [0 0]]
weights shape: (99935, 20, 1)
[[1]  [1]  [1]  [1]  [1]  [1]  [1]  [1]  [1]  [1]  [1]  [1]  [1]  [1]  [1]  [0]  [0]  [0]  [0]  [0]]
Train on 79948 samples, validate on 19987 samples
Epoch 0
1s - loss: 0.1425 - acc: 0.9359 - val_loss: 0.0910 - val_acc: 0.9435
Epoch 1
1s - loss: 0.0790 - acc: 0.9584 - val_loss: 0.0697 - val_acc: 0.9653
Epoch 2
1s - loss: 0.0641 - acc: 0.9674 - val_loss: 0.0591 - val_acc: 0.9685
Epoch 3
1s - loss: 0.0557 - acc: 0.9696 - val_loss: 0.0524 - val_acc: 0.9703
Epoch 4
1s - loss: 0.0500 - acc: 0.9710 - val_loss: 0.0476 - val_acc: 0.9714
Epoch 5
1s - loss: 0.0458 - acc: 0.9720 - val_loss: 0.0440 - val_acc: 0.9723
Epoch 6
1s - loss: 0.0426 - acc: 0.9728 - val_loss: 0.0411 - val_acc: 0.9730
Epoch 7
1s - loss: 0.0399 - acc: 0.9733 - val_loss: 0.0387 - val_acc: 0.9735
Epoch 8
1s - loss: 0.0378 - acc: 0.9738 - val_loss: 0.0367 - val_acc: 0.9740
Epoch 9
1s - loss: 0.0359 - acc: 0.9743 - val_loss: 0.0350 - val_acc: 0.9743
Training time: 13.63 seconds


Conf: nb_epoch=10 use_layer=False mask_zero=True x_mask_value=0 y_mask_value=[1, 1] use_weights=True padding=post
samples shape: (99935, 20, 1)
[[-1.65955991]  [ 4.40648987]  [-9.9977125 ]  [-3.95334855]  [-7.06488218]  [-8.1532281 ]  [-6.27479577]  [-3.08878546]  [-2.06465052]  [ 0.77633468]  [-1.61610971]  [ 3.70439001]  [-5.91095501]  [ 7.56234873]  [-9.45224814]  [ 0.        ]  [ 0.        ]  [ 0.        ]  [ 0.        ]  [ 0.        ]]
targets shape: (99935, 20, 2)
[[1 0]  [0 1]  [1 0]  [1 0]  [1 0]  [1 0]  [1 0]  [1 0]  [1 0]  [0 1]  [1 0]  [0 1]  [1 0]  [0 1]  [1 0]  [1 1]  [1 1]  [1 1]  [1 1]  [1 1]]
weights shape: (99935, 20, 1)
[[1]  [1]  [1]  [1]  [1]  [1]  [1]  [1]  [1]  [1]  [1]  [1]  [1]  [1]  [1]  [0]  [0]  [0]  [0]  [0]]
Train on 79948 samples, validate on 19987 samples
Epoch 0
1s - loss: 0.2795 - acc: 0.7559 - val_loss: 0.1048 - val_acc: 0.9592
Epoch 1
1s - loss: 0.0886 - acc: 0.9621 - val_loss: 0.0767 - val_acc: 0.9639
Epoch 2
1s - loss: 0.0700 - acc: 0.9654 - val_loss: 0.0641 - val_acc: 0.9663
Epoch 3
1s - loss: 0.0601 - acc: 0.9673 - val_loss: 0.0563 - val_acc: 0.9679
Epoch 4
1s - loss: 0.0535 - acc: 0.9686 - val_loss: 0.0508 - val_acc: 0.9690
Epoch 5
1s - loss: 0.0488 - acc: 0.9696 - val_loss: 0.0467 - val_acc: 0.9699
Epoch 6
1s - loss: 0.0451 - acc: 0.9703 - val_loss: 0.0434 - val_acc: 0.9707
Epoch 7
1s - loss: 0.0421 - acc: 0.9710 - val_loss: 0.0407 - val_acc: 0.9713
Epoch 8
1s - loss: 0.0397 - acc: 0.9715 - val_loss: 0.0385 - val_acc: 0.9718
Epoch 9
1s - loss: 0.0376 - acc: 0.9721 - val_loss: 0.0366 - val_acc: 0.9723
Training time: 13.93 seconds
